SQL> BEGIN
  DBMS_OUTPUT.PUT_LINE('Username is: ' || USER );
  DBMS_OUTPUT.PUT_LINE('Today''s DATE IS ' || SYSDATE );
  DBMS_OUTPUT.PUT_LINE(' ');
  
  --1
  DBMS_OUTPUT.PUT_LINE('1.	the addition of a new student for a faculty member that does not currently have any students');
  PRINT_SCREEN();
  INSERT INTO STUDENT VALUES
  ('KK100', 'Lola', 'Lulu', 'R', '1817 Eagleridge Circle', 'Tallahassee', 
  'FL', '32811', '7155559876', 'SR', TO_DATE('07/14/1985', 'MM/DD/YYYY'), 8891, 5, TO_YMINTERVAL('3-2'));
  PRINT_SCREEN();
  
  --2
  DBMS_OUTPUT.PUT_LINE('2.	the addition of a new student for a faculty member that already has students');
  PRINT_SCREEN();
  INSERT INTO STUDENT VALUES
  ('KK103', 'Kraig', 'Kroger', 'R', '1817 Eagleridge Circle', 'Tallahassee', 
  'FL', '32811', '7155559876', 'SR', TO_DATE('07/14/1985', 'MM/DD/YYYY'), 8891, 2, TO_YMINTERVAL('3-2'));
  PRINT_SCREEN();
  
  --3
  DBMS_OUTPUT.PUT_LINE('3.	the addition of a new faculty member');
  PRINT_SCREEN();
  INSERT INTO FACULTY VALUES(6, 'Luis', 'Perez', 'A', 9, 4014014011, 'Full', 1,
    6060, NULL);
  PRINT_SCREEN();
  
  --4
  DBMS_OUTPUT.PUT_LINE('4.	the change of a student’s advisor from one faculty member to another');
  PRINT_SCREEN();
  UPDATE STUDENT SET F_ID = 4 WHERE S_ID = 'JO100';
  PRINT_SCREEN();
  
  --5
  DBMS_OUTPUT.PUT_LINE('5.	the update of a student’s information for various columns');
  PRINT_SCREEN();
  UPDATE STUDENT SET S_FIRST = 'Tammie', S_LAST = 'Diaz' WHERE S_ID = 'JO100';
  PRINT_SCREEN();
  
  --6  
  DBMS_OUTPUT.PUT_LINE('6.	the update of a faculty member’s information for various columns');
  PRINT_SCREEN();
  UPDATE FACULTY SET F_FIRST = 'Theresa', F_LAST = 'Marks' WHERE F_ID = 1;
  PRINT_SCREEN();
    
  --6A
  DBMS_OUTPUT.PUT_LINE('6A.	the addition of a new student for a faculty member that already has students');
  PRINT_SCREEN();
  INSERT INTO STUDENT VALUES
  ('KK101', 'Jose', 'Berto', 'R', '1817 Eagleridge Circle', 'Tallahassee', 
  'FL', '32811', '7155559876', 'SR', TO_DATE('07/14/1985', 'MM/DD/YYYY'), 8891, 5, TO_YMINTERVAL('3-2'));
  PRINT_SCREEN();
    
  --7
  DBMS_OUTPUT.PUT_LINE('7.	the deletion of all of the students for a specific faculty member so that the materialized view table will contain a null-supplied student row for that faculty member.');
  PRINT_SCREEN();
  DELETE FROM STUDENT WHERE S_ID = 'KK100'; 
  DELETE FROM STUDENT WHERE S_ID = 'KK101';
  PRINT_SCREEN();
    
  ROLLBACK;  
    
END;
/

PL/SQL procedure successfully completed.

Username is: MLOPEZCASTELL
Today's DATE IS 29-NOV-15
 
1.	the addition of a new student for a faculty member that does not currently have any students
 
F_ID F_LAST    F_LAST    S_ID    S_LAST    S_LAST
======================================================
4    Brown     Jonnel    JO101     Johnson   Lisa
3    Langley   Colin     NG100     Nguyen    Ni
1    Marx      Teresa    JO100     Jones     Tammy
1    Marx      Teresa    PE100     Perez     Jorge
1    Marx      Teresa    MA100     Marsh     John
5    Sealy     James     null      null      null
2    Zhulin    Mark      SM100     Smith     Mike
 
 
F_ID F_LAST    F_LAST    S_ID    S_LAST    S_LAST
======================================================
4    Brown     Jonnel    JO101     Johnson   Lisa
3    Langley   Colin     NG100     Nguyen    Ni
1    Marx      Teresa    JO100     Jones     Tammy
1    Marx      Teresa    PE100     Perez     Jorge
1    Marx      Teresa    MA100     Marsh     John
5    Sealy     James     KK100     Lola      Lulu
2    Zhulin    Mark      SM100     Smith     Mike
 
2.	the addition of a new student for a faculty member that already has students
 
F_ID F_LAST    F_LAST    S_ID    S_LAST    S_LAST
======================================================
4    Brown     Jonnel    JO101     Johnson   Lisa
3    Langley   Colin     NG100     Nguyen    Ni
1    Marx      Teresa    JO100     Jones     Tammy
1    Marx      Teresa    PE100     Perez     Jorge
1    Marx      Teresa    MA100     Marsh     John
5    Sealy     James     KK100     Lola      Lulu
2    Zhulin    Mark      SM100     Smith     Mike
 
 
F_ID F_LAST    F_LAST    S_ID    S_LAST    S_LAST
======================================================
4    Brown     Jonnel    JO101     Johnson   Lisa
3    Langley   Colin     NG100     Nguyen    Ni
1    Marx      Teresa    PE100     Perez     Jorge
1    Marx      Teresa    MA100     Marsh     John
1    Marx      Teresa    JO100     Jones     Tammy
5    Sealy     James     KK100     Lola      Lulu
2    Zhulin    Mark      KK103     Kraig     Kroger
2    Zhulin    Mark      SM100     Smith     Mike
 
3.	the addition of a new faculty member
 
F_ID F_LAST    F_LAST    S_ID    S_LAST    S_LAST
======================================================
4    Brown     Jonnel    JO101     Johnson   Lisa
3    Langley   Colin     NG100     Nguyen    Ni
1    Marx      Teresa    PE100     Perez     Jorge
1    Marx      Teresa    MA100     Marsh     John
1    Marx      Teresa    JO100     Jones     Tammy
5    Sealy     James     KK100     Lola      Lulu
2    Zhulin    Mark      KK103     Kraig     Kroger
2    Zhulin    Mark      SM100     Smith     Mike
 
 
F_ID F_LAST    F_LAST    S_ID    S_LAST    S_LAST
======================================================
4    Brown     Jonnel    JO101     Johnson   Lisa
3    Langley   Colin     NG100     Nguyen    Ni
6    Luis      Perez     null      null      null
1    Marx      Teresa    PE100     Perez     Jorge
1    Marx      Teresa    MA100     Marsh     John
1    Marx      Teresa    JO100     Jones     Tammy
5    Sealy     James     KK100     Lola      Lulu
2    Zhulin    Mark      SM100     Smith     Mike
2    Zhulin    Mark      KK103     Kraig     Kroger
 
4.	the change of a student’s advisor from one faculty member to another
 
F_ID F_LAST    F_LAST    S_ID    S_LAST    S_LAST
======================================================
4    Brown     Jonnel    JO101     Johnson   Lisa
3    Langley   Colin     NG100     Nguyen    Ni
6    Luis      Perez     null      null      null
1    Marx      Teresa    PE100     Perez     Jorge
1    Marx      Teresa    MA100     Marsh     John
1    Marx      Teresa    JO100     Jones     Tammy
5    Sealy     James     KK100     Lola      Lulu
2    Zhulin    Mark      SM100     Smith     Mike
2    Zhulin    Mark      KK103     Kraig     Kroger
 
 
F_ID F_LAST    F_LAST    S_ID    S_LAST    S_LAST
======================================================
4    Brown     Jonnel    JO100     Jones     Tammy
4    Brown     Jonnel    JO101     Johnson   Lisa
3    Langley   Colin     NG100     Nguyen    Ni
6    Luis      Perez     null      null      null
1    Marx      Teresa    MA100     Marsh     John
1    Marx      Teresa    PE100     Perez     Jorge
5    Sealy     James     KK100     Lola      Lulu
2    Zhulin    Mark      KK103     Kraig     Kroger
2    Zhulin    Mark      SM100     Smith     Mike
 
5.	the update of a student’s information for various columns
 
F_ID F_LAST    F_LAST    S_ID    S_LAST    S_LAST
======================================================
4    Brown     Jonnel    JO100     Jones     Tammy
4    Brown     Jonnel    JO101     Johnson   Lisa
3    Langley   Colin     NG100     Nguyen    Ni
6    Luis      Perez     null      null      null
1    Marx      Teresa    MA100     Marsh     John
1    Marx      Teresa    PE100     Perez     Jorge
5    Sealy     James     KK100     Lola      Lulu
2    Zhulin    Mark      KK103     Kraig     Kroger
2    Zhulin    Mark      SM100     Smith     Mike
 
 
F_ID F_LAST    F_LAST    S_ID    S_LAST    S_LAST
======================================================
4    Brown     Jonnel    JO100     Diaz      Tammie
4    Brown     Jonnel    JO101     Johnson   Lisa
3    Langley   Colin     NG100     Nguyen    Ni
6    Luis      Perez     null      null      null
1    Marx      Teresa    MA100     Marsh     John
1    Marx      Teresa    PE100     Perez     Jorge
5    Sealy     James     KK100     Lola      Lulu
2    Zhulin    Mark      KK103     Kraig     Kroger
2    Zhulin    Mark      SM100     Smith     Mike
 
6.	the update of a faculty member’s information for various columns
 
F_ID F_LAST    F_LAST    S_ID    S_LAST    S_LAST
======================================================
4    Brown     Jonnel    JO100     Diaz      Tammie
4    Brown     Jonnel    JO101     Johnson   Lisa
3    Langley   Colin     NG100     Nguyen    Ni
6    Luis      Perez     null      null      null
1    Marx      Teresa    MA100     Marsh     John
1    Marx      Teresa    PE100     Perez     Jorge
5    Sealy     James     KK100     Lola      Lulu
2    Zhulin    Mark      KK103     Kraig     Kroger
2    Zhulin    Mark      SM100     Smith     Mike
 
 
F_ID F_LAST    F_LAST    S_ID    S_LAST    S_LAST
======================================================
4    Brown     Jonnel    JO100     Diaz      Tammie
4    Brown     Jonnel    JO101     Johnson   Lisa
3    Langley   Colin     NG100     Nguyen    Ni
6    Luis      Perez     null      null      null
1    Marks     Theresa   MA100     Marsh     John
1    Marks     Theresa   PE100     Perez     Jorge
5    Sealy     James     KK100     Lola      Lulu
2    Zhulin    Mark      KK103     Kraig     Kroger
2    Zhulin    Mark      SM100     Smith     Mike
 
6A.	the addition of a new student for a faculty member that already has students
 
F_ID F_LAST    F_LAST    S_ID    S_LAST    S_LAST
======================================================
4    Brown     Jonnel    JO100     Diaz      Tammie
4    Brown     Jonnel    JO101     Johnson   Lisa
3    Langley   Colin     NG100     Nguyen    Ni
6    Luis      Perez     null      null      null
1    Marks     Theresa   MA100     Marsh     John
1    Marks     Theresa   PE100     Perez     Jorge
5    Sealy     James     KK100     Lola      Lulu
2    Zhulin    Mark      KK103     Kraig     Kroger
2    Zhulin    Mark      SM100     Smith     Mike
 
 
F_ID F_LAST    F_LAST    S_ID    S_LAST    S_LAST
======================================================
4    Brown     Jonnel    JO100     Diaz      Tammie
4    Brown     Jonnel    JO101     Johnson   Lisa
3    Langley   Colin     NG100     Nguyen    Ni
6    Luis      Perez     null      null      null
1    Marks     Theresa   MA100     Marsh     John
1    Marks     Theresa   PE100     Perez     Jorge
5    Sealy     James     KK101     Jose      Berto
5    Sealy     James     KK100     Lola      Lulu
2    Zhulin    Mark      KK103     Kraig     Kroger
2    Zhulin    Mark      SM100     Smith     Mike
 
7.	the deletion of all of the students for a specific faculty member so that the materialized view table will contain a null-supplied student row for that faculty member.
 
F_ID F_LAST    F_LAST    S_ID    S_LAST    S_LAST
======================================================
4    Brown     Jonnel    JO100     Diaz      Tammie
4    Brown     Jonnel    JO101     Johnson   Lisa
3    Langley   Colin     NG100     Nguyen    Ni
6    Luis      Perez     null      null      null
1    Marks     Theresa   MA100     Marsh     John
1    Marks     Theresa   PE100     Perez     Jorge
5    Sealy     James     KK101     Jose      Berto
5    Sealy     James     KK100     Lola      Lulu
2    Zhulin    Mark      KK103     Kraig     Kroger
2    Zhulin    Mark      SM100     Smith     Mike
 
 
F_ID F_LAST    F_LAST    S_ID    S_LAST    S_LAST
======================================================
4    Brown     Jonnel    JO100     Diaz      Tammie
4    Brown     Jonnel    JO101     Johnson   Lisa
3    Langley   Colin     NG100     Nguyen    Ni
6    Luis      Perez     null      null      null
1    Marks     Theresa   MA100     Marsh     John
1    Marks     Theresa   PE100     Perez     Jorge
5    Sealy     James     null      null      null
2    Zhulin    Mark      KK103     Kraig     Kroger
2    Zhulin    Mark      SM100     Smith     Mike
 

